Build settings from command line:
    PLATFORM_NAME = iphonesimulator
    SDKROOT = /Developer/Platforms/iPhoneSimulator.platform/Developer/SDKs/iPhoneSimulator4.3.sdk


=== BUILD NATIVE TARGET TestScriptRunner OF PROJECT TabBarAndNav WITH CONFIGURATION Debug ===
Check dependencies
CompileC build/TabBarAndNav.build/Debug-iphonesimulator/TestScriptRunner.build/Objects-normal/i386/ScriptRunner.o Classes/../TestingClasses/ScriptRunner.m normal i386 objective-c com.apple.compilers.gcc.4_2
    cd /Users/User/Downloads/guitar/dist/guitar/iph-aut/TabBarAndNav
    setenv LANG en_US.US-ASCII
    setenv PATH "/Developer/Platforms/iPhoneSimulator.platform/Developer/usr/bin:/Developer/usr/bin:/opt/local/bin:/opt/local/sbin:/usr/bin:/bin:/usr/sbin:/sbin:/usr/local/bin:/usr/X11/bin"
    /Developer/Platforms/iPhoneSimulator.platform/Developer/usr/bin/gcc-4.2 -x objective-c -arch i386 -fmessage-length=0 -pipe -std=c99 -Wno-trigraphs -fpascal-strings -fasm-blocks -O0 -Wreturn-type -Wunused-variable -DSCRIPT_DRIVEN_TEST_MODE_ENABLED -isysroot /Developer/Platforms/iPhoneSimulator.platform/Developer/SDKs/iPhoneSimulator4.3.sdk -fexceptions -fvisibility=hidden -fprofile-arcs -ftest-coverage -mmacosx-version-min=10.6 -gdwarf-2 -fobjc-abi-version=2 -fobjc-legacy-dispatch -D__IPHONE_OS_VERSION_MIN_REQUIRED=40300 -iquote /Users/User/Downloads/guitar/dist/guitar/iph-aut/TabBarAndNav/build/TabBarAndNav.build/Debug-iphonesimulator/TestScriptRunner.build/TabBarAndNav-generated-files.hmap -I/Users/User/Downloads/guitar/dist/guitar/iph-aut/TabBarAndNav/build/TabBarAndNav.build/Debug-iphonesimulator/TestScriptRunner.build/TabBarAndNav-own-target-headers.hmap -I/Users/User/Downloads/guitar/dist/guitar/iph-aut/TabBarAndNav/build/TabBarAndNav.build/Debug-iphonesimulator/TestScriptRunner.build/TabBarAndNav-all-target-headers.hmap -iquote /Users/User/Downloads/guitar/dist/guitar/iph-aut/TabBarAndNav/build/TabBarAndNav.build/Debug-iphonesimulator/TestScriptRunner.build/TabBarAndNav-project-headers.hmap -F/Users/User/Downloads/guitar/dist/guitar/iph-aut/TabBarAndNav/build/Debug-iphonesimulator -I/Users/User/Downloads/guitar/dist/guitar/iph-aut/TabBarAndNav/build/Debug-iphonesimulator/include -I/Developer/Platforms/iPhoneSimulator.platform/Developer/SDKs/iPhoneSimulator4.3.sdk/usr/include/libxml2 -I/Users/User/Downloads/guitar/dist/guitar/iph-aut/TabBarAndNav/build/TabBarAndNav.build/Debug-iphonesimulator/TestScriptRunner.build/DerivedSources/i386 -I/Users/User/Downloads/guitar/dist/guitar/iph-aut/TabBarAndNav/build/TabBarAndNav.build/Debug-iphonesimulator/TestScriptRunner.build/DerivedSources -include /var/folders/SZ/SZnyCXP+GDaP7FMZ0uPuKk+++TI/-Caches-/com.apple.Xcode.501/SharedPrecompiledHeaders/TabBarAndNav_Prefix-abgrempvvboxcwachabdxrmrxehm/TabBarAndNav_Prefix.pch -c /Users/User/Downloads/guitar/dist/guitar/iph-aut/TabBarAndNav/Classes/../TestingClasses/ScriptRunner.m -o /Users/User/Downloads/guitar/dist/guitar/iph-aut/TabBarAndNav/build/TabBarAndNav.build/Debug-iphonesimulator/TestScriptRunner.build/Objects-normal/i386/ScriptRunner.o

/Users/User/Downloads/guitar/dist/guitar/iph-aut/TabBarAndNav/Classes/../TestingClasses/ScriptRunner.m: In function '-[ScriptRunner init]':
/Users/User/Downloads/guitar/dist/guitar/iph-aut/TabBarAndNav/Classes/../TestingClasses/ScriptRunner.m:48: warning: 'return' with no value, in function returning non-void
/Users/User/Downloads/guitar/dist/guitar/iph-aut/TabBarAndNav/Classes/../TestingClasses/ScriptRunner.m: In function '-[ScriptRunner stream:handleEvent:]':
/Users/User/Downloads/guitar/dist/guitar/iph-aut/TabBarAndNav/Classes/../TestingClasses/ScriptRunner.m:161: warning: 'ScriptRunner' may not respond to '-performTouchInView:'
/Users/User/Downloads/guitar/dist/guitar/iph-aut/TabBarAndNav/Classes/../TestingClasses/ScriptRunner.m:161: warning: (Messages without a matching method signature
/Users/User/Downloads/guitar/dist/guitar/iph-aut/TabBarAndNav/Classes/../TestingClasses/ScriptRunner.m:161: warning: will be assumed to return 'id' and accept
/Users/User/Downloads/guitar/dist/guitar/iph-aut/TabBarAndNav/Classes/../TestingClasses/ScriptRunner.m:161: warning: '...' as arguments.)
/Users/User/Downloads/guitar/dist/guitar/iph-aut/TabBarAndNav/Classes/../TestingClasses/ScriptRunner.m:192: warning: 'ScriptRunner' may not respond to '-performPickerWheel:'
/Users/User/Downloads/guitar/dist/guitar/iph-aut/TabBarAndNav/Classes/../TestingClasses/ScriptRunner.m:223: warning: 'ScriptRunner' may not respond to '-performTextFieldEvent:'
/Users/User/Downloads/guitar/dist/guitar/iph-aut/TabBarAndNav/Classes/../TestingClasses/ScriptRunner.m: In function '-[ScriptRunner viewsForXPath:]':
/Users/User/Downloads/guitar/dist/guitar/iph-aut/TabBarAndNav/Classes/../TestingClasses/ScriptRunner.m:313: warning: incompatible Objective-C types initializing 'struct NSString *', expected 'struct NSDictionary *'
CompileC build/TabBarAndNav.build/Debug-iphonesimulator/TestScriptRunner.build/Objects-normal/i386/TouchSynthesis.o Classes/../TestingClasses/TouchSynthesis.m normal i386 objective-c com.apple.compilers.gcc.4_2
    cd /Users/User/Downloads/guitar/dist/guitar/iph-aut/TabBarAndNav
    setenv LANG en_US.US-ASCII
    setenv PATH "/Developer/Platforms/iPhoneSimulator.platform/Developer/usr/bin:/Developer/usr/bin:/opt/local/bin:/opt/local/sbin:/usr/bin:/bin:/usr/sbin:/sbin:/usr/local/bin:/usr/X11/bin"
    /Developer/Platforms/iPhoneSimulator.platform/Developer/usr/bin/gcc-4.2 -x objective-c -arch i386 -fmessage-length=0 -pipe -std=c99 -Wno-trigraphs -fpascal-strings -fasm-blocks -O0 -Wreturn-type -Wunused-variable -DSCRIPT_DRIVEN_TEST_MODE_ENABLED -isysroot /Developer/Platforms/iPhoneSimulator.platform/Developer/SDKs/iPhoneSimulator4.3.sdk -fexceptions -fvisibility=hidden -fprofile-arcs -ftest-coverage -mmacosx-version-min=10.6 -gdwarf-2 -fobjc-abi-version=2 -fobjc-legacy-dispatch -D__IPHONE_OS_VERSION_MIN_REQUIRED=40300 -iquote /Users/User/Downloads/guitar/dist/guitar/iph-aut/TabBarAndNav/build/TabBarAndNav.build/Debug-iphonesimulator/TestScriptRunner.build/TabBarAndNav-generated-files.hmap -I/Users/User/Downloads/guitar/dist/guitar/iph-aut/TabBarAndNav/build/TabBarAndNav.build/Debug-iphonesimulator/TestScriptRunner.build/TabBarAndNav-own-target-headers.hmap -I/Users/User/Downloads/guitar/dist/guitar/iph-aut/TabBarAndNav/build/TabBarAndNav.build/Debug-iphonesimulator/TestScriptRunner.build/TabBarAndNav-all-target-headers.hmap -iquote /Users/User/Downloads/guitar/dist/guitar/iph-aut/TabBarAndNav/build/TabBarAndNav.build/Debug-iphonesimulator/TestScriptRunner.build/TabBarAndNav-project-headers.hmap -F/Users/User/Downloads/guitar/dist/guitar/iph-aut/TabBarAndNav/build/Debug-iphonesimulator -I/Users/User/Downloads/guitar/dist/guitar/iph-aut/TabBarAndNav/build/Debug-iphonesimulator/include -I/Developer/Platforms/iPhoneSimulator.platform/Developer/SDKs/iPhoneSimulator4.3.sdk/usr/include/libxml2 -I/Users/User/Downloads/guitar/dist/guitar/iph-aut/TabBarAndNav/build/TabBarAndNav.build/Debug-iphonesimulator/TestScriptRunner.build/DerivedSources/i386 -I/Users/User/Downloads/guitar/dist/guitar/iph-aut/TabBarAndNav/build/TabBarAndNav.build/Debug-iphonesimulator/TestScriptRunner.build/DerivedSources -include /var/folders/SZ/SZnyCXP+GDaP7FMZ0uPuKk+++TI/-Caches-/com.apple.Xcode.501/SharedPrecompiledHeaders/TabBarAndNav_Prefix-abgrempvvboxcwachabdxrmrxehm/TabBarAndNav_Prefix.pch -c /Users/User/Downloads/guitar/dist/guitar/iph-aut/TabBarAndNav/Classes/../TestingClasses/TouchSynthesis.m -o /Users/User/Downloads/guitar/dist/guitar/iph-aut/TabBarAndNav/build/TabBarAndNav.build/Debug-iphonesimulator/TestScriptRunner.build/Objects-normal/i386/TouchSynthesis.o

CompileC build/TabBarAndNav.build/Debug-iphonesimulator/TestScriptRunner.build/Objects-normal/i386/XPathQuery.o Classes/../TestingClasses/XPathQuery.m normal i386 objective-c com.apple.compilers.gcc.4_2
    cd /Users/User/Downloads/guitar/dist/guitar/iph-aut/TabBarAndNav
    setenv LANG en_US.US-ASCII
    setenv PATH "/Developer/Platforms/iPhoneSimulator.platform/Developer/usr/bin:/Developer/usr/bin:/opt/local/bin:/opt/local/sbin:/usr/bin:/bin:/usr/sbin:/sbin:/usr/local/bin:/usr/X11/bin"
    /Developer/Platforms/iPhoneSimulator.platform/Developer/usr/bin/gcc-4.2 -x objective-c -arch i386 -fmessage-length=0 -pipe -std=c99 -Wno-trigraphs -fpascal-strings -fasm-blocks -O0 -Wreturn-type -Wunused-variable -DSCRIPT_DRIVEN_TEST_MODE_ENABLED -isysroot /Developer/Platforms/iPhoneSimulator.platform/Developer/SDKs/iPhoneSimulator4.3.sdk -fexceptions -fvisibility=hidden -fprofile-arcs -ftest-coverage -mmacosx-version-min=10.6 -gdwarf-2 -fobjc-abi-version=2 -fobjc-legacy-dispatch -D__IPHONE_OS_VERSION_MIN_REQUIRED=40300 -iquote /Users/User/Downloads/guitar/dist/guitar/iph-aut/TabBarAndNav/build/TabBarAndNav.build/Debug-iphonesimulator/TestScriptRunner.build/TabBarAndNav-generated-files.hmap -I/Users/User/Downloads/guitar/dist/guitar/iph-aut/TabBarAndNav/build/TabBarAndNav.build/Debug-iphonesimulator/TestScriptRunner.build/TabBarAndNav-own-target-headers.hmap -I/Users/User/Downloads/guitar/dist/guitar/iph-aut/TabBarAndNav/build/TabBarAndNav.build/Debug-iphonesimulator/TestScriptRunner.build/TabBarAndNav-all-target-headers.hmap -iquote /Users/User/Downloads/guitar/dist/guitar/iph-aut/TabBarAndNav/build/TabBarAndNav.build/Debug-iphonesimulator/TestScriptRunner.build/TabBarAndNav-project-headers.hmap -F/Users/User/Downloads/guitar/dist/guitar/iph-aut/TabBarAndNav/build/Debug-iphonesimulator -I/Users/User/Downloads/guitar/dist/guitar/iph-aut/TabBarAndNav/build/Debug-iphonesimulator/include -I/Developer/Platforms/iPhoneSimulator.platform/Developer/SDKs/iPhoneSimulator4.3.sdk/usr/include/libxml2 -I/Users/User/Downloads/guitar/dist/guitar/iph-aut/TabBarAndNav/build/TabBarAndNav.build/Debug-iphonesimulator/TestScriptRunner.build/DerivedSources/i386 -I/Users/User/Downloads/guitar/dist/guitar/iph-aut/TabBarAndNav/build/TabBarAndNav.build/Debug-iphonesimulator/TestScriptRunner.build/DerivedSources -include /var/folders/SZ/SZnyCXP+GDaP7FMZ0uPuKk+++TI/-Caches-/com.apple.Xcode.501/SharedPrecompiledHeaders/TabBarAndNav_Prefix-abgrempvvboxcwachabdxrmrxehm/TabBarAndNav_Prefix.pch -c /Users/User/Downloads/guitar/dist/guitar/iph-aut/TabBarAndNav/Classes/../TestingClasses/XPathQuery.m -o /Users/User/Downloads/guitar/dist/guitar/iph-aut/TabBarAndNav/build/TabBarAndNav.build/Debug-iphonesimulator/TestScriptRunner.build/Objects-normal/i386/XPathQuery.o

CompileC build/TabBarAndNav.build/Debug-iphonesimulator/TestScriptRunner.build/Objects-normal/i386/UIView+FullDescription.o Classes/../TestingClasses/UIView+FullDescription.m normal i386 objective-c com.apple.compilers.gcc.4_2
    cd /Users/User/Downloads/guitar/dist/guitar/iph-aut/TabBarAndNav
    setenv LANG en_US.US-ASCII
    setenv PATH "/Developer/Platforms/iPhoneSimulator.platform/Developer/usr/bin:/Developer/usr/bin:/opt/local/bin:/opt/local/sbin:/usr/bin:/bin:/usr/sbin:/sbin:/usr/local/bin:/usr/X11/bin"
    /Developer/Platforms/iPhoneSimulator.platform/Developer/usr/bin/gcc-4.2 -x objective-c -arch i386 -fmessage-length=0 -pipe -std=c99 -Wno-trigraphs -fpascal-strings -fasm-blocks -O0 -Wreturn-type -Wunused-variable -DSCRIPT_DRIVEN_TEST_MODE_ENABLED -isysroot /Developer/Platforms/iPhoneSimulator.platform/Developer/SDKs/iPhoneSimulator4.3.sdk -fexceptions -fvisibility=hidden -fprofile-arcs -ftest-coverage -mmacosx-version-min=10.6 -gdwarf-2 -fobjc-abi-version=2 -fobjc-legacy-dispatch -D__IPHONE_OS_VERSION_MIN_REQUIRED=40300 -iquote /Users/User/Downloads/guitar/dist/guitar/iph-aut/TabBarAndNav/build/TabBarAndNav.build/Debug-iphonesimulator/TestScriptRunner.build/TabBarAndNav-generated-files.hmap -I/Users/User/Downloads/guitar/dist/guitar/iph-aut/TabBarAndNav/build/TabBarAndNav.build/Debug-iphonesimulator/TestScriptRunner.build/TabBarAndNav-own-target-headers.hmap -I/Users/User/Downloads/guitar/dist/guitar/iph-aut/TabBarAndNav/build/TabBarAndNav.build/Debug-iphonesimulator/TestScriptRunner.build/TabBarAndNav-all-target-headers.hmap -iquote /Users/User/Downloads/guitar/dist/guitar/iph-aut/TabBarAndNav/build/TabBarAndNav.build/Debug-iphonesimulator/TestScriptRunner.build/TabBarAndNav-project-headers.hmap -F/Users/User/Downloads/guitar/dist/guitar/iph-aut/TabBarAndNav/build/Debug-iphonesimulator -I/Users/User/Downloads/guitar/dist/guitar/iph-aut/TabBarAndNav/build/Debug-iphonesimulator/include -I/Developer/Platforms/iPhoneSimulator.platform/Developer/SDKs/iPhoneSimulator4.3.sdk/usr/include/libxml2 -I/Users/User/Downloads/guitar/dist/guitar/iph-aut/TabBarAndNav/build/TabBarAndNav.build/Debug-iphonesimulator/TestScriptRunner.build/DerivedSources/i386 -I/Users/User/Downloads/guitar/dist/guitar/iph-aut/TabBarAndNav/build/TabBarAndNav.build/Debug-iphonesimulator/TestScriptRunner.build/DerivedSources -include /var/folders/SZ/SZnyCXP+GDaP7FMZ0uPuKk+++TI/-Caches-/com.apple.Xcode.501/SharedPrecompiledHeaders/TabBarAndNav_Prefix-abgrempvvboxcwachabdxrmrxehm/TabBarAndNav_Prefix.pch -c /Users/User/Downloads/guitar/dist/guitar/iph-aut/TabBarAndNav/Classes/../TestingClasses/UIView+FullDescription.m -o /Users/User/Downloads/guitar/dist/guitar/iph-aut/TabBarAndNav/build/TabBarAndNav.build/Debug-iphonesimulator/TestScriptRunner.build/Objects-normal/i386/UIView+FullDescription.o

CompileC build/TabBarAndNav.build/Debug-iphonesimulator/TestScriptRunner.build/Objects-normal/i386/main.o main.m normal i386 objective-c com.apple.compilers.gcc.4_2
    cd /Users/User/Downloads/guitar/dist/guitar/iph-aut/TabBarAndNav
    setenv LANG en_US.US-ASCII
    setenv PATH "/Developer/Platforms/iPhoneSimulator.platform/Developer/usr/bin:/Developer/usr/bin:/opt/local/bin:/opt/local/sbin:/usr/bin:/bin:/usr/sbin:/sbin:/usr/local/bin:/usr/X11/bin"
    /Developer/Platforms/iPhoneSimulator.platform/Developer/usr/bin/gcc-4.2 -x objective-c -arch i386 -fmessage-length=0 -pipe -std=c99 -Wno-trigraphs -fpascal-strings -fasm-blocks -O0 -Wreturn-type -Wunused-variable -DSCRIPT_DRIVEN_TEST_MODE_ENABLED -isysroot /Developer/Platforms/iPhoneSimulator.platform/Developer/SDKs/iPhoneSimulator4.3.sdk -fexceptions -fvisibility=hidden -fprofile-arcs -ftest-coverage -mmacosx-version-min=10.6 -gdwarf-2 -fobjc-abi-version=2 -fobjc-legacy-dispatch -D__IPHONE_OS_VERSION_MIN_REQUIRED=40300 -iquote /Users/User/Downloads/guitar/dist/guitar/iph-aut/TabBarAndNav/build/TabBarAndNav.build/Debug-iphonesimulator/TestScriptRunner.build/TabBarAndNav-generated-files.hmap -I/Users/User/Downloads/guitar/dist/guitar/iph-aut/TabBarAndNav/build/TabBarAndNav.build/Debug-iphonesimulator/TestScriptRunner.build/TabBarAndNav-own-target-headers.hmap -I/Users/User/Downloads/guitar/dist/guitar/iph-aut/TabBarAndNav/build/TabBarAndNav.build/Debug-iphonesimulator/TestScriptRunner.build/TabBarAndNav-all-target-headers.hmap -iquote /Users/User/Downloads/guitar/dist/guitar/iph-aut/TabBarAndNav/build/TabBarAndNav.build/Debug-iphonesimulator/TestScriptRunner.build/TabBarAndNav-project-headers.hmap -F/Users/User/Downloads/guitar/dist/guitar/iph-aut/TabBarAndNav/build/Debug-iphonesimulator -I/Users/User/Downloads/guitar/dist/guitar/iph-aut/TabBarAndNav/build/Debug-iphonesimulator/include -I/Developer/Platforms/iPhoneSimulator.platform/Developer/SDKs/iPhoneSimulator4.3.sdk/usr/include/libxml2 -I/Users/User/Downloads/guitar/dist/guitar/iph-aut/TabBarAndNav/build/TabBarAndNav.build/Debug-iphonesimulator/TestScriptRunner.build/DerivedSources/i386 -I/Users/User/Downloads/guitar/dist/guitar/iph-aut/TabBarAndNav/build/TabBarAndNav.build/Debug-iphonesimulator/TestScriptRunner.build/DerivedSources -include /var/folders/SZ/SZnyCXP+GDaP7FMZ0uPuKk+++TI/-Caches-/com.apple.Xcode.501/SharedPrecompiledHeaders/TabBarAndNav_Prefix-abgrempvvboxcwachabdxrmrxehm/TabBarAndNav_Prefix.pch -c /Users/User/Downloads/guitar/dist/guitar/iph-aut/TabBarAndNav/main.m -o /Users/User/Downloads/guitar/dist/guitar/iph-aut/TabBarAndNav/build/TabBarAndNav.build/Debug-iphonesimulator/TestScriptRunner.build/Objects-normal/i386/main.o

CompileC build/TabBarAndNav.build/Debug-iphonesimulator/TestScriptRunner.build/Objects-normal/i386/TabBarAndNavAppDelegate.o Classes/TabBarAndNavAppDelegate.m normal i386 objective-c com.apple.compilers.gcc.4_2
    cd /Users/User/Downloads/guitar/dist/guitar/iph-aut/TabBarAndNav
    setenv LANG en_US.US-ASCII
    setenv PATH "/Developer/Platforms/iPhoneSimulator.platform/Developer/usr/bin:/Developer/usr/bin:/opt/local/bin:/opt/local/sbin:/usr/bin:/bin:/usr/sbin:/sbin:/usr/local/bin:/usr/X11/bin"
    /Developer/Platforms/iPhoneSimulator.platform/Developer/usr/bin/gcc-4.2 -x objective-c -arch i386 -fmessage-length=0 -pipe -std=c99 -Wno-trigraphs -fpascal-strings -fasm-blocks -O0 -Wreturn-type -Wunused-variable -DSCRIPT_DRIVEN_TEST_MODE_ENABLED -isysroot /Developer/Platforms/iPhoneSimulator.platform/Developer/SDKs/iPhoneSimulator4.3.sdk -fexceptions -fvisibility=hidden -fprofile-arcs -ftest-coverage -mmacosx-version-min=10.6 -gdwarf-2 -fobjc-abi-version=2 -fobjc-legacy-dispatch -D__IPHONE_OS_VERSION_MIN_REQUIRED=40300 -iquote /Users/User/Downloads/guitar/dist/guitar/iph-aut/TabBarAndNav/build/TabBarAndNav.build/Debug-iphonesimulator/TestScriptRunner.build/TabBarAndNav-generated-files.hmap -I/Users/User/Downloads/guitar/dist/guitar/iph-aut/TabBarAndNav/build/TabBarAndNav.build/Debug-iphonesimulator/TestScriptRunner.build/TabBarAndNav-own-target-headers.hmap -I/Users/User/Downloads/guitar/dist/guitar/iph-aut/TabBarAndNav/build/TabBarAndNav.build/Debug-iphonesimulator/TestScriptRunner.build/TabBarAndNav-all-target-headers.hmap -iquote /Users/User/Downloads/guitar/dist/guitar/iph-aut/TabBarAndNav/build/TabBarAndNav.build/Debug-iphonesimulator/TestScriptRunner.build/TabBarAndNav-project-headers.hmap -F/Users/User/Downloads/guitar/dist/guitar/iph-aut/TabBarAndNav/build/Debug-iphonesimulator -I/Users/User/Downloads/guitar/dist/guitar/iph-aut/TabBarAndNav/build/Debug-iphonesimulator/include -I/Developer/Platforms/iPhoneSimulator.platform/Developer/SDKs/iPhoneSimulator4.3.sdk/usr/include/libxml2 -I/Users/User/Downloads/guitar/dist/guitar/iph-aut/TabBarAndNav/build/TabBarAndNav.build/Debug-iphonesimulator/TestScriptRunner.build/DerivedSources/i386 -I/Users/User/Downloads/guitar/dist/guitar/iph-aut/TabBarAndNav/build/TabBarAndNav.build/Debug-iphonesimulator/TestScriptRunner.build/DerivedSources -include /var/folders/SZ/SZnyCXP+GDaP7FMZ0uPuKk+++TI/-Caches-/com.apple.Xcode.501/SharedPrecompiledHeaders/TabBarAndNav_Prefix-abgrempvvboxcwachabdxrmrxehm/TabBarAndNav_Prefix.pch -c /Users/User/Downloads/guitar/dist/guitar/iph-aut/TabBarAndNav/Classes/TabBarAndNavAppDelegate.m -o /Users/User/Downloads/guitar/dist/guitar/iph-aut/TabBarAndNav/build/TabBarAndNav.build/Debug-iphonesimulator/TestScriptRunner.build/Objects-normal/i386/TabBarAndNavAppDelegate.o

CompileC build/TabBarAndNav.build/Debug-iphonesimulator/TestScriptRunner.build/Objects-normal/i386/MovieDetailViewController.o Classes/MovieDetailViewController.m normal i386 objective-c com.apple.compilers.gcc.4_2
    cd /Users/User/Downloads/guitar/dist/guitar/iph-aut/TabBarAndNav
    setenv LANG en_US.US-ASCII
    setenv PATH "/Developer/Platforms/iPhoneSimulator.platform/Developer/usr/bin:/Developer/usr/bin:/opt/local/bin:/opt/local/sbin:/usr/bin:/bin:/usr/sbin:/sbin:/usr/local/bin:/usr/X11/bin"
    /Developer/Platforms/iPhoneSimulator.platform/Developer/usr/bin/gcc-4.2 -x objective-c -arch i386 -fmessage-length=0 -pipe -std=c99 -Wno-trigraphs -fpascal-strings -fasm-blocks -O0 -Wreturn-type -Wunused-variable -DSCRIPT_DRIVEN_TEST_MODE_ENABLED -isysroot /Developer/Platforms/iPhoneSimulator.platform/Developer/SDKs/iPhoneSimulator4.3.sdk -fexceptions -fvisibility=hidden -fprofile-arcs -ftest-coverage -mmacosx-version-min=10.6 -gdwarf-2 -fobjc-abi-version=2 -fobjc-legacy-dispatch -D__IPHONE_OS_VERSION_MIN_REQUIRED=40300 -iquote /Users/User/Downloads/guitar/dist/guitar/iph-aut/TabBarAndNav/build/TabBarAndNav.build/Debug-iphonesimulator/TestScriptRunner.build/TabBarAndNav-generated-files.hmap -I/Users/User/Downloads/guitar/dist/guitar/iph-aut/TabBarAndNav/build/TabBarAndNav.build/Debug-iphonesimulator/TestScriptRunner.build/TabBarAndNav-own-target-headers.hmap -I/Users/User/Downloads/guitar/dist/guitar/iph-aut/TabBarAndNav/build/TabBarAndNav.build/Debug-iphonesimulator/TestScriptRunner.build/TabBarAndNav-all-target-headers.hmap -iquote /Users/User/Downloads/guitar/dist/guitar/iph-aut/TabBarAndNav/build/TabBarAndNav.build/Debug-iphonesimulator/TestScriptRunner.build/TabBarAndNav-project-headers.hmap -F/Users/User/Downloads/guitar/dist/guitar/iph-aut/TabBarAndNav/build/Debug-iphonesimulator -I/Users/User/Downloads/guitar/dist/guitar/iph-aut/TabBarAndNav/build/Debug-iphonesimulator/include -I/Developer/Platforms/iPhoneSimulator.platform/Developer/SDKs/iPhoneSimulator4.3.sdk/usr/include/libxml2 -I/Users/User/Downloads/guitar/dist/guitar/iph-aut/TabBarAndNav/build/TabBarAndNav.build/Debug-iphonesimulator/TestScriptRunner.build/DerivedSources/i386 -I/Users/User/Downloads/guitar/dist/guitar/iph-aut/TabBarAndNav/build/TabBarAndNav.build/Debug-iphonesimulator/TestScriptRunner.build/DerivedSources -include /var/folders/SZ/SZnyCXP+GDaP7FMZ0uPuKk+++TI/-Caches-/com.apple.Xcode.501/SharedPrecompiledHeaders/TabBarAndNav_Prefix-abgrempvvboxcwachabdxrmrxehm/TabBarAndNav_Prefix.pch -c /Users/User/Downloads/guitar/dist/guitar/iph-aut/TabBarAndNav/Classes/MovieDetailViewController.m -o /Users/User/Downloads/guitar/dist/guitar/iph-aut/TabBarAndNav/build/TabBarAndNav.build/Debug-iphonesimulator/TestScriptRunner.build/Objects-normal/i386/MovieDetailViewController.o

CompileC build/TabBarAndNav.build/Debug-iphonesimulator/TestScriptRunner.build/Objects-normal/i386/MoviesListViewController.o Classes/MoviesListViewController.m normal i386 objective-c com.apple.compilers.gcc.4_2
    cd /Users/User/Downloads/guitar/dist/guitar/iph-aut/TabBarAndNav
    setenv LANG en_US.US-ASCII
    setenv PATH "/Developer/Platforms/iPhoneSimulator.platform/Developer/usr/bin:/Developer/usr/bin:/opt/local/bin:/opt/local/sbin:/usr/bin:/bin:/usr/sbin:/sbin:/usr/local/bin:/usr/X11/bin"
    /Developer/Platforms/iPhoneSimulator.platform/Developer/usr/bin/gcc-4.2 -x objective-c -arch i386 -fmessage-length=0 -pipe -std=c99 -Wno-trigraphs -fpascal-strings -fasm-blocks -O0 -Wreturn-type -Wunused-variable -DSCRIPT_DRIVEN_TEST_MODE_ENABLED -isysroot /Developer/Platforms/iPhoneSimulator.platform/Developer/SDKs/iPhoneSimulator4.3.sdk -fexceptions -fvisibility=hidden -fprofile-arcs -ftest-coverage -mmacosx-version-min=10.6 -gdwarf-2 -fobjc-abi-version=2 -fobjc-legacy-dispatch -D__IPHONE_OS_VERSION_MIN_REQUIRED=40300 -iquote /Users/User/Downloads/guitar/dist/guitar/iph-aut/TabBarAndNav/build/TabBarAndNav.build/Debug-iphonesimulator/TestScriptRunner.build/TabBarAndNav-generated-files.hmap -I/Users/User/Downloads/guitar/dist/guitar/iph-aut/TabBarAndNav/build/TabBarAndNav.build/Debug-iphonesimulator/TestScriptRunner.build/TabBarAndNav-own-target-headers.hmap -I/Users/User/Downloads/guitar/dist/guitar/iph-aut/TabBarAndNav/build/TabBarAndNav.build/Debug-iphonesimulator/TestScriptRunner.build/TabBarAndNav-all-target-headers.hmap -iquote /Users/User/Downloads/guitar/dist/guitar/iph-aut/TabBarAndNav/build/TabBarAndNav.build/Debug-iphonesimulator/TestScriptRunner.build/TabBarAndNav-project-headers.hmap -F/Users/User/Downloads/guitar/dist/guitar/iph-aut/TabBarAndNav/build/Debug-iphonesimulator -I/Users/User/Downloads/guitar/dist/guitar/iph-aut/TabBarAndNav/build/Debug-iphonesimulator/include -I/Developer/Platforms/iPhoneSimulator.platform/Developer/SDKs/iPhoneSimulator4.3.sdk/usr/include/libxml2 -I/Users/User/Downloads/guitar/dist/guitar/iph-aut/TabBarAndNav/build/TabBarAndNav.build/Debug-iphonesimulator/TestScriptRunner.build/DerivedSources/i386 -I/Users/User/Downloads/guitar/dist/guitar/iph-aut/TabBarAndNav/build/TabBarAndNav.build/Debug-iphonesimulator/TestScriptRunner.build/DerivedSources -include /var/folders/SZ/SZnyCXP+GDaP7FMZ0uPuKk+++TI/-Caches-/com.apple.Xcode.501/SharedPrecompiledHeaders/TabBarAndNav_Prefix-abgrempvvboxcwachabdxrmrxehm/TabBarAndNav_Prefix.pch -c /Users/User/Downloads/guitar/dist/guitar/iph-aut/TabBarAndNav/Classes/MoviesListViewController.m -o /Users/User/Downloads/guitar/dist/guitar/iph-aut/TabBarAndNav/build/TabBarAndNav.build/Debug-iphonesimulator/TestScriptRunner.build/Objects-normal/i386/MoviesListViewController.o

CompileC build/TabBarAndNav.build/Debug-iphonesimulator/TestScriptRunner.build/Objects-normal/i386/HomeViewController.o Classes/HomeViewController.m normal i386 objective-c com.apple.compilers.gcc.4_2
    cd /Users/User/Downloads/guitar/dist/guitar/iph-aut/TabBarAndNav
    setenv LANG en_US.US-ASCII
    setenv PATH "/Developer/Platforms/iPhoneSimulator.platform/Developer/usr/bin:/Developer/usr/bin:/opt/local/bin:/opt/local/sbin:/usr/bin:/bin:/usr/sbin:/sbin:/usr/local/bin:/usr/X11/bin"
    /Developer/Platforms/iPhoneSimulator.platform/Developer/usr/bin/gcc-4.2 -x objective-c -arch i386 -fmessage-length=0 -pipe -std=c99 -Wno-trigraphs -fpascal-strings -fasm-blocks -O0 -Wreturn-type -Wunused-variable -DSCRIPT_DRIVEN_TEST_MODE_ENABLED -isysroot /Developer/Platforms/iPhoneSimulator.platform/Developer/SDKs/iPhoneSimulator4.3.sdk -fexceptions -fvisibility=hidden -fprofile-arcs -ftest-coverage -mmacosx-version-min=10.6 -gdwarf-2 -fobjc-abi-version=2 -fobjc-legacy-dispatch -D__IPHONE_OS_VERSION_MIN_REQUIRED=40300 -iquote /Users/User/Downloads/guitar/dist/guitar/iph-aut/TabBarAndNav/build/TabBarAndNav.build/Debug-iphonesimulator/TestScriptRunner.build/TabBarAndNav-generated-files.hmap -I/Users/User/Downloads/guitar/dist/guitar/iph-aut/TabBarAndNav/build/TabBarAndNav.build/Debug-iphonesimulator/TestScriptRunner.build/TabBarAndNav-own-target-headers.hmap -I/Users/User/Downloads/guitar/dist/guitar/iph-aut/TabBarAndNav/build/TabBarAndNav.build/Debug-iphonesimulator/TestScriptRunner.build/TabBarAndNav-all-target-headers.hmap -iquote /Users/User/Downloads/guitar/dist/guitar/iph-aut/TabBarAndNav/build/TabBarAndNav.build/Debug-iphonesimulator/TestScriptRunner.build/TabBarAndNav-project-headers.hmap -F/Users/User/Downloads/guitar/dist/guitar/iph-aut/TabBarAndNav/build/Debug-iphonesimulator -I/Users/User/Downloads/guitar/dist/guitar/iph-aut/TabBarAndNav/build/Debug-iphonesimulator/include -I/Developer/Platforms/iPhoneSimulator.platform/Developer/SDKs/iPhoneSimulator4.3.sdk/usr/include/libxml2 -I/Users/User/Downloads/guitar/dist/guitar/iph-aut/TabBarAndNav/build/TabBarAndNav.build/Debug-iphonesimulator/TestScriptRunner.build/DerivedSources/i386 -I/Users/User/Downloads/guitar/dist/guitar/iph-aut/TabBarAndNav/build/TabBarAndNav.build/Debug-iphonesimulator/TestScriptRunner.build/DerivedSources -include /var/folders/SZ/SZnyCXP+GDaP7FMZ0uPuKk+++TI/-Caches-/com.apple.Xcode.501/SharedPrecompiledHeaders/TabBarAndNav_Prefix-abgrempvvboxcwachabdxrmrxehm/TabBarAndNav_Prefix.pch -c /Users/User/Downloads/guitar/dist/guitar/iph-aut/TabBarAndNav/Classes/HomeViewController.m -o /Users/User/Downloads/guitar/dist/guitar/iph-aut/TabBarAndNav/build/TabBarAndNav.build/Debug-iphonesimulator/TestScriptRunner.build/Objects-normal/i386/HomeViewController.o

Ld build/Debug-iphonesimulator/TabBarAndNav.app/TabBarAndNav normal i386
    cd /Users/User/Downloads/guitar/dist/guitar/iph-aut/TabBarAndNav
    setenv MACOSX_DEPLOYMENT_TARGET 10.6
    setenv PATH "/Developer/Platforms/iPhoneSimulator.platform/Developer/usr/bin:/Developer/usr/bin:/opt/local/bin:/opt/local/sbin:/usr/bin:/bin:/usr/sbin:/sbin:/usr/local/bin:/usr/X11/bin"
    /Developer/Platforms/iPhoneSimulator.platform/Developer/usr/bin/gcc-4.2 -arch i386 -isysroot /Developer/Platforms/iPhoneSimulator.platform/Developer/SDKs/iPhoneSimulator4.3.sdk -L/Users/User/Downloads/guitar/dist/guitar/iph-aut/TabBarAndNav/build/Debug-iphonesimulator -L/Users/User/Downloads/guitar/dist/guitar/iph-aut/TabBarAndNav/Classes -F/Users/User/Downloads/guitar/dist/guitar/iph-aut/TabBarAndNav/build/Debug-iphonesimulator -filelist /Users/User/Downloads/guitar/dist/guitar/iph-aut/TabBarAndNav/build/TabBarAndNav.build/Debug-iphonesimulator/TestScriptRunner.build/Objects-normal/i386/TabBarAndNav.LinkFileList -mmacosx-version-min=10.6 -lgcov -Xlinker -objc_abi_version -Xlinker 2 -framework Foundation -framework UIKit -framework CoreGraphics -lxml2.2.7.3 -o /Users/User/Downloads/guitar/dist/guitar/iph-aut/TabBarAndNav/build/Debug-iphonesimulator/TabBarAndNav.app/TabBarAndNav

GenerateDSYMFile build/Debug-iphonesimulator/TabBarAndNav.app.dSYM build/Debug-iphonesimulator/TabBarAndNav.app/TabBarAndNav
    cd /Users/User/Downloads/guitar/dist/guitar/iph-aut/TabBarAndNav
    setenv PATH "/Developer/Platforms/iPhoneSimulator.platform/Developer/usr/bin:/Developer/usr/bin:/opt/local/bin:/opt/local/sbin:/usr/bin:/bin:/usr/sbin:/sbin:/usr/local/bin:/usr/X11/bin"
    /Developer/usr/bin/dsymutil /Users/User/Downloads/guitar/dist/guitar/iph-aut/TabBarAndNav/build/Debug-iphonesimulator/TabBarAndNav.app/TabBarAndNav -o /Users/User/Downloads/guitar/dist/guitar/iph-aut/TabBarAndNav/build/Debug-iphonesimulator/TabBarAndNav.app.dSYM

PhaseScriptExecution "Run Script" build/TabBarAndNav.build/Debug-iphonesimulator/TestScriptRunner.build/Script-F689995F14F217A600FD20FC.sh
    cd /Users/User/Downloads/guitar/dist/guitar/iph-aut/TabBarAndNav
    setenv ACTION build
    setenv ALTERNATE_GROUP staff
    setenv ALTERNATE_MODE u+w,go-w,a+rX
    setenv ALTERNATE_OWNER User
    setenv ALWAYS_SEARCH_USER_PATHS NO
    setenv APPLE_INTERNAL_DEVELOPER_DIR /AppleInternal/Developer
    setenv APPLE_INTERNAL_DIR /AppleInternal
    setenv APPLE_INTERNAL_DOCUMENTATION_DIR /AppleInternal/Documentation
    setenv APPLE_INTERNAL_LIBRARY_DIR /AppleInternal/Library
    setenv APPLE_INTERNAL_TOOLS /AppleInternal/Developer/Tools
    setenv APPLY_RULES_IN_COPY_FILES NO
    setenv ARCHS i386
    setenv ARCHS_STANDARD_32_BIT i386
    setenv ARCHS_UNIVERSAL_IPHONE_OS i386
    setenv BUILD_COMPONENTS "headers build"
    setenv BUILD_DIR /Users/User/Downloads/guitar/dist/guitar/iph-aut/TabBarAndNav/build
    setenv BUILD_ROOT /Users/User/Downloads/guitar/dist/guitar/iph-aut/TabBarAndNav/build
    setenv BUILD_STYLE Debug
    setenv BUILD_VARIANTS normal
    setenv BUILT_PRODUCTS_DIR /Users/User/Downloads/guitar/dist/guitar/iph-aut/TabBarAndNav/build/Debug-iphonesimulator
    setenv CACHE_ROOT /var/folders/SZ/SZnyCXP+GDaP7FMZ0uPuKk+++TI/-Caches-/com.apple.Xcode.501
    setenv CCHROOT /var/folders/SZ/SZnyCXP+GDaP7FMZ0uPuKk+++TI/-Caches-/com.apple.Xcode.501
    setenv CHMOD /bin/chmod
    setenv CHOWN /usr/sbin/chown
    setenv CLASS_FILE_DIR /Users/User/Downloads/guitar/dist/guitar/iph-aut/TabBarAndNav/build/TabBarAndNav.build/Debug-iphonesimulator/TestScriptRunner.build/JavaClasses
    setenv CLEAN_PRECOMPS YES
    setenv CLONE_HEADERS NO
    setenv CODESIGNING_FOLDER_PATH /Users/User/Downloads/guitar/dist/guitar/iph-aut/TabBarAndNav/build/Debug-iphonesimulator/TabBarAndNav.app
    setenv COMMAND_MODE legacy
    setenv COMPOSITE_SDK_DIRS /var/folders/SZ/SZnyCXP+GDaP7FMZ0uPuKk+++TI/-Caches-/com.apple.Xcode.501/CompositeSDKs
    setenv COMPRESS_PNG_FILES YES
    setenv CONFIGURATION Debug
    setenv CONFIGURATION_BUILD_DIR /Users/User/Downloads/guitar/dist/guitar/iph-aut/TabBarAndNav/build/Debug-iphonesimulator
    setenv CONFIGURATION_TEMP_DIR /Users/User/Downloads/guitar/dist/guitar/iph-aut/TabBarAndNav/build/TabBarAndNav.build/Debug-iphonesimulator
    setenv CONTENTS_FOLDER_PATH TabBarAndNav.app
    setenv COPYING_PRESERVES_HFS_DATA NO
    setenv COPY_PHASE_STRIP NO
    setenv COPY_RESOURCES_FROM_STATIC_FRAMEWORKS YES
    setenv CP /bin/cp
    setenv CURRENT_ARCH i386
    setenv CURRENT_VARIANT normal
    setenv DEAD_CODE_STRIPPING NO
    setenv DEBUGGING_SYMBOLS YES
    setenv DEBUG_INFORMATION_FORMAT dwarf-with-dsym
    setenv DEPLOYMENT_LOCATION NO
    setenv DEPLOYMENT_POSTPROCESSING NO
    setenv DERIVED_FILES_DIR /Users/User/Downloads/guitar/dist/guitar/iph-aut/TabBarAndNav/build/TabBarAndNav.build/Debug-iphonesimulator/TestScriptRunner.build/DerivedSources
    setenv DERIVED_FILE_DIR /Users/User/Downloads/guitar/dist/guitar/iph-aut/TabBarAndNav/build/TabBarAndNav.build/Debug-iphonesimulator/TestScriptRunner.build/DerivedSources
    setenv DERIVED_SOURCES_DIR /Users/User/Downloads/guitar/dist/guitar/iph-aut/TabBarAndNav/build/TabBarAndNav.build/Debug-iphonesimulator/TestScriptRunner.build/DerivedSources
    setenv DEVELOPER_APPLICATIONS_DIR /Developer/Applications
    setenv DEVELOPER_BIN_DIR /Developer/usr/bin
    setenv DEVELOPER_DIR /Developer
    setenv DEVELOPER_FRAMEWORKS_DIR /Developer/Library/Frameworks
    setenv DEVELOPER_FRAMEWORKS_DIR_QUOTED "\"/Developer/Library/Frameworks\""
    setenv DEVELOPER_LIBRARY_DIR /Developer/Library
    setenv DEVELOPER_SDK_DIR /Developer/SDKs
    setenv DEVELOPER_TOOLS_DIR /Developer/Tools
    setenv DEVELOPER_USR_DIR /Developer/usr
    setenv DEVELOPMENT_LANGUAGE English
    setenv DOCUMENTATION_FOLDER_PATH TabBarAndNav.app/English.lproj/Documentation
    setenv DO_HEADER_SCANNING_IN_JAM NO
    setenv DSTROOT /tmp/TabBarAndNav.dst
    setenv DWARF_DSYM_FILE_NAME TabBarAndNav.app.dSYM
    setenv DWARF_DSYM_FOLDER_PATH /Users/User/Downloads/guitar/dist/guitar/iph-aut/TabBarAndNav/build/Debug-iphonesimulator
    setenv EFFECTIVE_PLATFORM_NAME -iphonesimulator
    setenv ENABLE_HEADER_DEPENDENCIES YES
    setenv ENABLE_OPENMP_SUPPORT NO
    setenv EXCLUDED_INSTALLSRC_SUBDIRECTORY_PATTERNS ".svn .git CVS"
    setenv EXCLUDED_RECURSIVE_SEARCH_PATH_SUBDIRECTORIES "*.nib *.lproj *.framework *.gch (*) CVS .svn .git *.xcodeproj *.xcode *.pbproj *.pbxproj"
    setenv EXECUTABLES_FOLDER_PATH TabBarAndNav.app/Executables
    setenv EXECUTABLE_FOLDER_PATH TabBarAndNav.app
    setenv EXECUTABLE_NAME TabBarAndNav
    setenv EXECUTABLE_PATH TabBarAndNav.app/TabBarAndNav
    setenv FILE_LIST /Users/User/Downloads/guitar/dist/guitar/iph-aut/TabBarAndNav/build/TabBarAndNav.build/Debug-iphonesimulator/TestScriptRunner.build/Objects/LinkFileList
    setenv FIXED_FILES_DIR /Users/User/Downloads/guitar/dist/guitar/iph-aut/TabBarAndNav/build/TabBarAndNav.build/Debug-iphonesimulator/TestScriptRunner.build/FixedFiles
    setenv FRAMEWORKS_FOLDER_PATH TabBarAndNav.app/Frameworks
    setenv FRAMEWORK_FLAG_PREFIX -framework
    setenv FRAMEWORK_SEARCH_PATHS "\"/Users/User/Downloads/guitar/dist/guitar/iph-aut/TabBarAndNav/build/Debug-iphonesimulator\" "
    setenv FRAMEWORK_VERSION A
    setenv FULL_PRODUCT_NAME TabBarAndNav.app
    setenv GCC3_VERSION 3.3
    setenv GCC_C_LANGUAGE_STANDARD c99
    setenv GCC_DYNAMIC_NO_PIC NO
    setenv GCC_GENERATE_TEST_COVERAGE_FILES YES
    setenv GCC_INLINES_ARE_PRIVATE_EXTERN YES
    setenv GCC_INSTRUMENT_PROGRAM_FLOW_ARCS YES
    setenv GCC_OBJC_LEGACY_DISPATCH YES
    setenv GCC_OPTIMIZATION_LEVEL 0
    setenv GCC_PFE_FILE_C_DIALECTS "c objective-c c++ objective-c++"
    setenv GCC_PRECOMPILE_PREFIX_HEADER YES
    setenv GCC_PREFIX_HEADER TabBarAndNav_Prefix.pch
    setenv GCC_PREPROCESSOR_DEFINITIONS SCRIPT_DRIVEN_TEST_MODE_ENABLED
    setenv GCC_SYMBOLS_PRIVATE_EXTERN YES
    setenv GCC_TREAT_WARNINGS_AS_ERRORS NO
    setenv GCC_VERSION 4.2
    setenv GCC_VERSION_IDENTIFIER __2
    setenv GCC_WARN_ABOUT_RETURN_TYPE YES
    setenv GCC_WARN_UNUSED_VARIABLE YES
    setenv GENERATE_MASTER_OBJECT_FILE NO
    setenv GENERATE_PKGINFO_FILE YES
    setenv GENERATE_PROFILING_CODE NO
    setenv GID 20
    setenv GROUP staff
    setenv HEADERMAP_INCLUDES_FLAT_ENTRIES_FOR_TARGET_BEING_BUILT YES
    setenv HEADERMAP_INCLUDES_FRAMEWORK_ENTRIES_FOR_ALL_PRODUCT_TYPES YES
    setenv HEADERMAP_INCLUDES_NONPUBLIC_NONPRIVATE_HEADERS YES
    setenv HEADERMAP_INCLUDES_PROJECT_HEADERS YES
    setenv HEADER_SEARCH_PATHS "\"/Users/User/Downloads/guitar/dist/guitar/iph-aut/TabBarAndNav/build/Debug-iphonesimulator/include\" /Developer/Platforms/iPhoneSimulator.platform/Developer/SDKs/iPhoneSimulator4.3.sdk/usr/include/libxml2"
    setenv ICONV /usr/bin/iconv
    setenv INFOPLIST_EXPAND_BUILD_SETTINGS YES
    setenv INFOPLIST_FILE TestScriptRunner-Info.plist
    setenv INFOPLIST_OUTPUT_FORMAT binary
    setenv INFOPLIST_PATH TabBarAndNav.app/Info.plist
    setenv INFOPLIST_PREPROCESS NO
    setenv INFOSTRINGS_PATH TabBarAndNav.app/English.lproj/InfoPlist.strings
    setenv INSTALL_DIR /tmp/TabBarAndNav.dst/Applications
    setenv INSTALL_GROUP staff
    setenv INSTALL_MODE_FLAG u+w,go-w,a+rX
    setenv INSTALL_OWNER User
    setenv INSTALL_PATH /Applications
    setenv INSTALL_ROOT /tmp/TabBarAndNav.dst
    setenv IPHONEOS_DEPLOYMENT_TARGET 4.3
    setenv JAVAC_DEFAULT_FLAGS "-J-Xms64m -J-XX:NewSize=4M -J-Dfile.encoding=UTF8"
    setenv JAVA_APP_STUB /System/Library/Frameworks/JavaVM.framework/Resources/MacOS/JavaApplicationStub
    setenv JAVA_ARCHIVE_CLASSES YES
    setenv JAVA_ARCHIVE_TYPE JAR
    setenv JAVA_COMPILER /usr/bin/javac
    setenv JAVA_FOLDER_PATH TabBarAndNav.app/Java
    setenv JAVA_FRAMEWORK_RESOURCES_DIRS Resources
    setenv JAVA_JAR_FLAGS cv
    setenv JAVA_SOURCE_SUBDIR .
    setenv JAVA_USE_DEPENDENCIES YES
    setenv JAVA_ZIP_FLAGS -urg
    setenv JIKES_DEFAULT_FLAGS "+E +OLDCSO"
    setenv KEEP_PRIVATE_EXTERNS NO
    setenv LD_GENERATE_MAP_FILE NO
    setenv LD_MAP_FILE_PATH /Users/User/Downloads/guitar/dist/guitar/iph-aut/TabBarAndNav/build/TabBarAndNav.build/Debug-iphonesimulator/TestScriptRunner.build/TabBarAndNav-LinkMap-normal-i386.txt
    setenv LD_OPENMP_FLAGS -fopenmp
    setenv LEX /Developer/usr/bin/lex
    setenv LIBRARY_FLAG_NOSPACE YES
    setenv LIBRARY_FLAG_PREFIX -l
    setenv LIBRARY_SEARCH_PATHS "\"/Users/User/Downloads/guitar/dist/guitar/iph-aut/TabBarAndNav/build/Debug-iphonesimulator\"  \"/Users/User/Downloads/guitar/dist/guitar/iph-aut/TabBarAndNav/Classes\""
    setenv LINKER_DISPLAYS_MANGLED_NAMES NO
    setenv LINK_FILE_LIST_normal_i386 /Users/User/Downloads/guitar/dist/guitar/iph-aut/TabBarAndNav/build/TabBarAndNav.build/Debug-iphonesimulator/TestScriptRunner.build/Objects-normal/i386/TabBarAndNav.LinkFileList
    setenv LINK_WITH_STANDARD_LIBRARIES YES
    setenv LOCALIZED_RESOURCES_FOLDER_PATH TabBarAndNav.app/English.lproj
    setenv LOCAL_ADMIN_APPS_DIR /Applications/Utilities
    setenv LOCAL_APPS_DIR /Applications
    setenv LOCAL_DEVELOPER_DIR /Library/Developer
    setenv LOCAL_LIBRARY_DIR /Library
    setenv MACH_O_TYPE mh_execute
    setenv MACOSX_DEPLOYMENT_TARGET 10.6
    setenv MAC_OS_X_PRODUCT_BUILD_VERSION 10K549
    setenv MAC_OS_X_VERSION_ACTUAL 1068
    setenv MAC_OS_X_VERSION_MAJOR 1060
    setenv MAC_OS_X_VERSION_MINOR 0608
    setenv NATIVE_ARCH i386
    setenv NATIVE_ARCH_32_BIT i386
    setenv NATIVE_ARCH_64_BIT x86_64
    setenv NATIVE_ARCH_ACTUAL x86_64
    setenv NO_COMMON YES
    setenv OBJC_ABI_VERSION 2
    setenv OBJECT_FILE_DIR /Users/User/Downloads/guitar/dist/guitar/iph-aut/TabBarAndNav/build/TabBarAndNav.build/Debug-iphonesimulator/TestScriptRunner.build/Objects
    setenv OBJECT_FILE_DIR_normal /Users/User/Downloads/guitar/dist/guitar/iph-aut/TabBarAndNav/build/TabBarAndNav.build/Debug-iphonesimulator/TestScriptRunner.build/Objects-normal
    setenv OBJROOT /Users/User/Downloads/guitar/dist/guitar/iph-aut/TabBarAndNav/build
    setenv ONLY_ACTIVE_ARCH YES
    setenv OPTIMIZATION_LEVEL 0
    setenv OS MACOS
    setenv OSAC /usr/bin/osacompile
    setenv OTHER_LDFLAGS -lgcov
    setenv PACKAGE_TYPE com.apple.package-type.wrapper.application
    setenv PASCAL_STRINGS YES
    setenv PATH "/Developer/Platforms/iPhoneSimulator.platform/Developer/usr/bin:/Developer/usr/bin:/opt/local/bin:/opt/local/sbin:/usr/bin:/bin:/usr/sbin:/sbin:/usr/local/bin:/usr/X11/bin"
    setenv PATH_PREFIXES_EXCLUDED_FROM_HEADER_DEPENDENCIES "/usr/include /usr/local/include /System/Library/Frameworks /System/Library/PrivateFrameworks /Developer/Headers /Developer/SDKs /Developer/Platforms"
    setenv PBDEVELOPMENTPLIST_PATH TabBarAndNav.app/pbdevelopment.plist
    setenv PFE_FILE_C_DIALECTS objective-c
    setenv PKGINFO_FILE_PATH /Users/User/Downloads/guitar/dist/guitar/iph-aut/TabBarAndNav/build/TabBarAndNav.build/Debug-iphonesimulator/TestScriptRunner.build/PkgInfo
    setenv PKGINFO_PATH TabBarAndNav.app/PkgInfo
    setenv PLATFORM_DEVELOPER_APPLICATIONS_DIR /Developer/Platforms/iPhoneSimulator.platform/Developer/Applications
    setenv PLATFORM_DEVELOPER_BIN_DIR /Developer/Platforms/iPhoneSimulator.platform/Developer/usr/bin
    setenv PLATFORM_DEVELOPER_LIBRARY_DIR /Developer/Platforms/iPhoneSimulator.platform/Developer/Library
    setenv PLATFORM_DEVELOPER_SDK_DIR /Developer/Platforms/iPhoneSimulator.platform/Developer/SDKs
    setenv PLATFORM_DEVELOPER_TOOLS_DIR /Developer/Platforms/iPhoneSimulator.platform/Developer/Tools
    setenv PLATFORM_DEVELOPER_USR_DIR /Developer/Platforms/iPhoneSimulator.platform/Developer/usr
    setenv PLATFORM_DIR /Developer/Platforms/iPhoneSimulator.platform
    setenv PLATFORM_NAME iphonesimulator
    setenv PLATFORM_PRODUCT_BUILD_VERSION 8F192
    setenv PLATFORM_VERSION_AVAILABILITY_H_FORMAT 40300
    setenv PLIST_FILE_OUTPUT_FORMAT binary
    setenv PLUGINS_FOLDER_PATH TabBarAndNav.app/PlugIns
    setenv PREBINDING NO
    setenv PRECOMPS_INCLUDE_HEADERS_FROM_BUILT_PRODUCTS_DIR YES
    setenv PRECOMP_DESTINATION_DIR /Users/User/Downloads/guitar/dist/guitar/iph-aut/TabBarAndNav/build/TabBarAndNav.build/Debug-iphonesimulator/TestScriptRunner.build/PrefixHeaders
    setenv PRESERVE_DEAD_CODE_INITS_AND_TERMS NO
    setenv PRIVATE_HEADERS_FOLDER_PATH TabBarAndNav.app/PrivateHeaders
    setenv PRODUCT_NAME TabBarAndNav
    setenv PRODUCT_SETTINGS_PATH /Users/User/Downloads/guitar/dist/guitar/iph-aut/TabBarAndNav/TestScriptRunner-Info.plist
    setenv PRODUCT_TYPE com.apple.product-type.application
    setenv PROFILING_CODE NO
    setenv PROJECT TabBarAndNav
    setenv PROJECT_DERIVED_FILE_DIR /Users/User/Downloads/guitar/dist/guitar/iph-aut/TabBarAndNav/build/TabBarAndNav.build/DerivedSources
    setenv PROJECT_DIR /Users/User/Downloads/guitar/dist/guitar/iph-aut/TabBarAndNav
    setenv PROJECT_FILE_PATH /Users/User/Downloads/guitar/dist/guitar/iph-aut/TabBarAndNav/TabBarAndNav.xcodeproj
    setenv PROJECT_NAME TabBarAndNav
    setenv PROJECT_TEMP_DIR /Users/User/Downloads/guitar/dist/guitar/iph-aut/TabBarAndNav/build/TabBarAndNav.build
    setenv PUBLIC_HEADERS_FOLDER_PATH TabBarAndNav.app/Headers
    setenv RECURSIVE_SEARCH_PATHS_FOLLOW_SYMLINKS YES
    setenv REMOVE_CVS_FROM_RESOURCES YES
    setenv REMOVE_GIT_FROM_RESOURCES YES
    setenv REMOVE_SVN_FROM_RESOURCES YES
    setenv REZ_COLLECTOR_DIR /Users/User/Downloads/guitar/dist/guitar/iph-aut/TabBarAndNav/build/TabBarAndNav.build/Debug-iphonesimulator/TestScriptRunner.build/ResourceManagerResources
    setenv REZ_OBJECTS_DIR /Users/User/Downloads/guitar/dist/guitar/iph-aut/TabBarAndNav/build/TabBarAndNav.build/Debug-iphonesimulator/TestScriptRunner.build/ResourceManagerResources/Objects
    setenv REZ_SEARCH_PATHS "\"/Users/User/Downloads/guitar/dist/guitar/iph-aut/TabBarAndNav/build/Debug-iphonesimulator\" "
    setenv RUN_CLANG_STATIC_ANALYZER NO
    setenv SCAN_ALL_SOURCE_FILES_FOR_INCLUDES NO
    setenv SCRIPTS_FOLDER_PATH TabBarAndNav.app/Scripts
    setenv SCRIPT_INPUT_FILE_COUNT 0
    setenv SCRIPT_OUTPUT_FILE_COUNT 0
    setenv SDKROOT /Developer/Platforms/iPhoneSimulator.platform/Developer/SDKs/iPhoneSimulator4.3.sdk
    setenv SDK_DIR /Developer/Platforms/iPhoneSimulator.platform/Developer/SDKs/iPhoneSimulator4.3.sdk
    setenv SDK_NAME iphonesimulator4.3
    setenv SDK_PRODUCT_BUILD_VERSION 8F192
    setenv SED /usr/bin/sed
    setenv SEPARATE_STRIP NO
    setenv SEPARATE_SYMBOL_EDIT NO
    setenv SET_DIR_MODE_OWNER_GROUP YES
    setenv SET_FILE_MODE_OWNER_GROUP NO
    setenv SHALLOW_BUNDLE YES
    setenv SHARED_DERIVED_FILE_DIR /Users/User/Downloads/guitar/dist/guitar/iph-aut/TabBarAndNav/build/Debug-iphonesimulator/DerivedSources
    setenv SHARED_FRAMEWORKS_FOLDER_PATH TabBarAndNav.app/SharedFrameworks
    setenv SHARED_PRECOMPS_DIR /var/folders/SZ/SZnyCXP+GDaP7FMZ0uPuKk+++TI/-Caches-/com.apple.Xcode.501/SharedPrecompiledHeaders
    setenv SHARED_SUPPORT_FOLDER_PATH TabBarAndNav.app/SharedSupport
    setenv SKIP_INSTALL YES
    setenv SOURCE_ROOT /Users/User/Downloads/guitar/dist/guitar/iph-aut/TabBarAndNav
    setenv SRCROOT /Users/User/Downloads/guitar/dist/guitar/iph-aut/TabBarAndNav
    setenv STANDARD_C_PLUS_PLUS_LIBRARY_TYPE dynamic
    setenv STRINGS_FILE_OUTPUT_ENCODING binary
    setenv STRIP_INSTALLED_PRODUCT YES
    setenv STRIP_STYLE all
    setenv SUPPORTED_DEVICE_FAMILIES "1 2"
    setenv SYMBOL_REPOSITORY_DIR /Users/User/Downloads/guitar/dist/guitar/iph-aut/TabBarAndNav/build/TabBarAndNav.build/Debug-iphonesimulator/TestScriptRunner.build/SymbolRepositories
    setenv SYMROOT /Users/User/Downloads/guitar/dist/guitar/iph-aut/TabBarAndNav/build
    setenv SYSTEM_ADMIN_APPS_DIR /Applications/Utilities
    setenv SYSTEM_APPS_DIR /Applications
    setenv SYSTEM_CORE_SERVICES_DIR /System/Library/CoreServices
    setenv SYSTEM_DEMOS_DIR /Applications/Extras
    setenv SYSTEM_DEVELOPER_APPS_DIR /Developer/Applications
    setenv SYSTEM_DEVELOPER_BIN_DIR /Developer/usr/bin
    setenv SYSTEM_DEVELOPER_DEMOS_DIR "/Developer/Applications/Utilities/Built Examples"
    setenv SYSTEM_DEVELOPER_DIR /Developer
    setenv SYSTEM_DEVELOPER_DOC_DIR "/Developer/ADC Reference Library"
    setenv SYSTEM_DEVELOPER_GRAPHICS_TOOLS_DIR "/Developer/Applications/Graphics Tools"
    setenv SYSTEM_DEVELOPER_JAVA_TOOLS_DIR "/Developer/Applications/Java Tools"
    setenv SYSTEM_DEVELOPER_PERFORMANCE_TOOLS_DIR "/Developer/Applications/Performance Tools"
    setenv SYSTEM_DEVELOPER_RELEASENOTES_DIR "/Developer/ADC Reference Library/releasenotes"
    setenv SYSTEM_DEVELOPER_TOOLS /Developer/Tools
    setenv SYSTEM_DEVELOPER_TOOLS_DOC_DIR "/Developer/ADC Reference Library/documentation/DeveloperTools"
    setenv SYSTEM_DEVELOPER_TOOLS_RELEASENOTES_DIR "/Developer/ADC Reference Library/releasenotes/DeveloperTools"
    setenv SYSTEM_DEVELOPER_USR_DIR /Developer/usr
    setenv SYSTEM_DEVELOPER_UTILITIES_DIR /Developer/Applications/Utilities
    setenv SYSTEM_DOCUMENTATION_DIR /Library/Documentation
    setenv SYSTEM_LIBRARY_DIR /System/Library
    setenv TARGETED_DEVICE_FAMILY 1
    setenv TARGETNAME TestScriptRunner
    setenv TARGET_BUILD_DIR /Users/User/Downloads/guitar/dist/guitar/iph-aut/TabBarAndNav/build/Debug-iphonesimulator
    setenv TARGET_NAME TestScriptRunner
    setenv TARGET_TEMP_DIR /Users/User/Downloads/guitar/dist/guitar/iph-aut/TabBarAndNav/build/TabBarAndNav.build/Debug-iphonesimulator/TestScriptRunner.build
    setenv TEMP_DIR /Users/User/Downloads/guitar/dist/guitar/iph-aut/TabBarAndNav/build/TabBarAndNav.build/Debug-iphonesimulator/TestScriptRunner.build
    setenv TEMP_FILES_DIR /Users/User/Downloads/guitar/dist/guitar/iph-aut/TabBarAndNav/build/TabBarAndNav.build/Debug-iphonesimulator/TestScriptRunner.build
    setenv TEMP_FILE_DIR /Users/User/Downloads/guitar/dist/guitar/iph-aut/TabBarAndNav/build/TabBarAndNav.build/Debug-iphonesimulator/TestScriptRunner.build
    setenv TEMP_ROOT /Users/User/Downloads/guitar/dist/guitar/iph-aut/TabBarAndNav/build
    setenv UID 501
    setenv UNLOCALIZED_RESOURCES_FOLDER_PATH TabBarAndNav.app
    setenv UNSTRIPPED_PRODUCT NO
    setenv USER User
    setenv USER_APPS_DIR /Users/User/Applications
    setenv USER_LIBRARY_DIR /Users/User/Library
    setenv USE_DYNAMIC_NO_PIC YES
    setenv USE_HEADERMAP YES
    setenv USE_HEADER_SYMLINKS NO
    setenv VALIDATE_PRODUCT NO
    setenv VALID_ARCHS i386
    setenv VERBOSE_PBXCP NO
    setenv VERSIONPLIST_PATH TabBarAndNav.app/version.plist
    setenv VERSION_INFO_BUILDER User
    setenv VERSION_INFO_FILE TabBarAndNav_vers.c
    setenv VERSION_INFO_STRING "\"@(#)PROGRAM:TabBarAndNav  PROJECT:TabBarAndNav-\""
    setenv WRAPPER_EXTENSION app
    setenv WRAPPER_NAME TabBarAndNav.app
    setenv WRAPPER_SUFFIX .app
    setenv XCODE_APP_SUPPORT_DIR /Developer/Library/Xcode
    setenv XCODE_PRODUCT_BUILD_VERSION 10M2518
    setenv XCODE_VERSION_ACTUAL 0400
    setenv XCODE_VERSION_MAJOR 0400
    setenv XCODE_VERSION_MINOR 0400
    setenv YACC /Developer/usr/bin/yacc
    /bin/sh -c /Users/User/Downloads/guitar/dist/guitar/iph-aut/TabBarAndNav/build/TabBarAndNav.build/Debug-iphonesimulator/TestScriptRunner.build/Script-F689995F14F217A600FD20FC.sh

Touch build/Debug-iphonesimulator/TabBarAndNav.app
    cd /Users/User/Downloads/guitar/dist/guitar/iph-aut/TabBarAndNav
    setenv PATH "/Developer/Platforms/iPhoneSimulator.platform/Developer/usr/bin:/Developer/usr/bin:/opt/local/bin:/opt/local/sbin:/usr/bin:/bin:/usr/sbin:/sbin:/usr/local/bin:/usr/X11/bin"
    /usr/bin/touch -c /Users/User/Downloads/guitar/dist/guitar/iph-aut/TabBarAndNav/build/Debug-iphonesimulator/TabBarAndNav.app

** BUILD SUCCEEDED **

